Using pre-set license
Built from '2021.3/staging' branch; Version is '2021.3.19f1 (c9714fde33b6) revision 13201743'; Using compiler version '192829333'; Build Type 'Release'
OS: 'Windows 11  (10.0.22621) 64bit Core' Language: 'en' Physical Memory: 15731 MB
BatchMode: 1, IsHumanControllingUs: 0, StartBugReporterOnCrash: 0, Is64bit: 1, IsPro: 1

COMMAND LINE ARGUMENTS:
C:\Program Files\Unity\Hub\Editor\2021.3.19f1\Editor\Unity.exe
-adb2
-batchMode
-noUpm
-name
AssetImportWorker0
-projectPath
D:/Unity/218 test connection
-logFile
Logs/AssetImportWorker0.log
-srvPort
52092
Successfully changed project path to: D:/Unity/218 test connection
D:/Unity/218 test connection
[UnityMemory] Configuration Parameters - Can be set up in boot.config
    "memorysetup-bucket-allocator-granularity=16"
    "memorysetup-bucket-allocator-bucket-count=8"
    "memorysetup-bucket-allocator-block-size=33554432"
    "memorysetup-bucket-allocator-block-count=8"
    "memorysetup-main-allocator-block-size=16777216"
    "memorysetup-thread-allocator-block-size=16777216"
    "memorysetup-gfx-main-allocator-block-size=16777216"
    "memorysetup-gfx-thread-allocator-block-size=16777216"
    "memorysetup-cache-allocator-block-size=4194304"
    "memorysetup-typetree-allocator-block-size=2097152"
    "memorysetup-profiler-bucket-allocator-granularity=16"
    "memorysetup-profiler-bucket-allocator-bucket-count=8"
    "memorysetup-profiler-bucket-allocator-block-size=33554432"
    "memorysetup-profiler-bucket-allocator-block-count=8"
    "memorysetup-profiler-allocator-block-size=16777216"
    "memorysetup-profiler-editor-allocator-block-size=1048576"
    "memorysetup-temp-allocator-size-main=16777216"
    "memorysetup-job-temp-allocator-block-size=2097152"
    "memorysetup-job-temp-allocator-block-size-background=1048576"
    "memorysetup-job-temp-allocator-reduction-small-platforms=262144"
    "memorysetup-temp-allocator-size-background-worker=32768"
    "memorysetup-temp-allocator-size-job-worker=262144"
    "memorysetup-temp-allocator-size-preload-manager=33554432"
    "memorysetup-temp-allocator-size-nav-mesh-worker=65536"
    "memorysetup-temp-allocator-size-audio-worker=65536"
    "memorysetup-temp-allocator-size-cloud-worker=32768"
    "memorysetup-temp-allocator-size-gi-baking-worker=262144"
    "memorysetup-temp-allocator-size-gfx=262144"
Player connection [19796] Host "[IP] 192.168.0.181 [Port] 0 [Flags] 2 [Guid] 1802449434 [EditorId] 1802449434 [Version] 1048832 [Id] WindowsEditor(7,PCForZoe) [Debug] 1 [PackageName] WindowsEditor [ProjectName] Editor" joined multi-casting on [225.0.0.222:54997]...

Player connection [19796] Host "[IP] 192.168.0.181 [Port] 0 [Flags] 2 [Guid] 1802449434 [EditorId] 1802449434 [Version] 1048832 [Id] WindowsEditor(7,PCForZoe) [Debug] 1 [PackageName] WindowsEditor [ProjectName] Editor" joined alternative multi-casting on [225.0.0.222:34997]...

Refreshing native plugins compatible for Editor in 123.13 ms, found 14 plugins.
Preloading 1 native plugins for Editor in 0.82 ms.
Initialize engine version: 2021.3.19f1 (c9714fde33b6)
[Subsystems] Discovering subsystems at path C:/Program Files/Unity/Hub/Editor/2021.3.19f1/Editor/Data/Resources/UnitySubsystems
[Subsystems] Discovering subsystems at path D:/Unity/218 test connection/Assets
GfxDevice: creating device client; threaded=0; jobified=0
Direct3D:
    Version:  Direct3D 11.0 [level 11.1]
    Renderer: NVIDIA GeForce GTX 1660 Ti (ID=0x2191)
    Vendor:   NVIDIA
    VRAM:     5991 MB
    Driver:   30.0.15.1278
Shader 'Oculus/OVRMRCameraFrameLit': fallback shader 'Alpha-Diffuse' not found
Initialize mono
Mono path[0] = 'C:/Program Files/Unity/Hub/Editor/2021.3.19f1/Editor/Data/Managed'
Mono path[1] = 'C:/Program Files/Unity/Hub/Editor/2021.3.19f1/Editor/Data/MonoBleedingEdge/lib/mono/unityjit-win32'
Mono config path = 'C:/Program Files/Unity/Hub/Editor/2021.3.19f1/Editor/Data/MonoBleedingEdge/etc'
Using monoOptions --debugger-agent=transport=dt_socket,embedding=1,server=y,suspend=n,address=127.0.0.1:56148
Begin MonoManager ReloadAssembly
Registering precompiled unity dll's ...
Register platform support module: C:/Program Files/Unity/Hub/Editor/2021.3.19f1/Editor/Data/PlaybackEngines/WebGLSupport/UnityEditor.WebGL.Extensions.dll
Register platform support module: C:/Program Files/Unity/Hub/Editor/2021.3.19f1/Editor/Data/PlaybackEngines/AndroidPlayer/UnityEditor.Android.Extensions.dll
Register platform support module: C:/Program Files/Unity/Hub/Editor/2021.3.19f1/Editor/Data/PlaybackEngines/WindowsStandaloneSupport/UnityEditor.WindowsStandalone.Extensions.dll
Registered in 0.004953 seconds.
Native extension for WindowsStandalone target not found
Native extension for Android target not found
Android Extension - Scanning For ADB Devices 274 ms
Native extension for WebGL target not found
Refreshing native plugins compatible for Editor in 144.27 ms, found 14 plugins.
Preloading 1 native plugins for Editor in 0.06 ms.
Mono: successfully reloaded assembly
- Completed reload, in  0.964 seconds
Domain Reload Profiling:
	ReloadAssembly (964ms)
		BeginReloadAssembly (66ms)
			ExecutionOrderSort (0ms)
			DisableScriptedObjects (0ms)
			BackupInstance (0ms)
			ReleaseScriptingObjects (0ms)
			CreateAndSetChildDomain (1ms)
		EndReloadAssembly (804ms)
			LoadAssemblies (64ms)
			RebuildTransferFunctionScriptingTraits (0ms)
			SetupTypeCache (106ms)
			ReleaseScriptCaches (0ms)
			RebuildScriptCaches (22ms)
			SetupLoadedEditorAssemblies (630ms)
				LogAssemblyErrors (0ms)
				InitializePlatformSupportModulesInManaged (351ms)
				SetLoadedEditorAssemblies (0ms)
				RefreshPlugins (144ms)
				BeforeProcessingInitializeOnLoad (3ms)
				ProcessInitializeOnLoadAttributes (85ms)
				ProcessInitializeOnLoadMethodAttributes (47ms)
				AfterProcessingInitializeOnLoad (0ms)
				EditorAssembliesLoaded (0ms)
			ExecutionOrderSort2 (0ms)
			AwakeInstancesAfterBackupRestoration (0ms)
Platform modules already initialized, skipping
Registering precompiled user dll's ...
Registered in 0.004978 seconds.
Begin MonoManager ReloadAssembly
OnLevelWasLoaded was found on WitService
This message has been deprecated and will be removed in a later version of Unity.
Add a delegate to SceneManager.sceneLoaded instead to get notifications after scene loading has completed
Native extension for WindowsStandalone target not found
Native extension for Android target not found
Native extension for WebGL target not found
Refreshing native plugins compatible for Editor in 119.64 ms, found 14 plugins.
Preloading 1 native plugins for Editor in 0.07 ms.
Package Manager log level set to [2]
[XR] OculusXRPlugin: registering subsystems
[XR] Unable to register display lifecyle provider: [1]
[XR] Oculus Input lifecycle provider registered.
[XR] Unable to register input lifecyle provider: [1]
[XR] OVRP version 1.81.0
Mono: successfully reloaded assembly
- Completed reload, in  1.389 seconds
Domain Reload Profiling:
	ReloadAssembly (1389ms)
		BeginReloadAssembly (94ms)
			ExecutionOrderSort (0ms)
			DisableScriptedObjects (5ms)
			BackupInstance (0ms)
			ReleaseScriptingObjects (0ms)
			CreateAndSetChildDomain (19ms)
		EndReloadAssembly (1194ms)
			LoadAssemblies (74ms)
			RebuildTransferFunctionScriptingTraits (0ms)
			SetupTypeCache (340ms)
			ReleaseScriptCaches (1ms)
			RebuildScriptCaches (84ms)
			SetupLoadedEditorAssemblies (626ms)
				LogAssemblyErrors (0ms)
				InitializePlatformSupportModulesInManaged (16ms)
				SetLoadedEditorAssemblies (0ms)
				RefreshPlugins (120ms)
				BeforeProcessingInitializeOnLoad (89ms)
				ProcessInitializeOnLoadAttributes (362ms)
				ProcessInitializeOnLoadMethodAttributes (32ms)
				AfterProcessingInitializeOnLoad (8ms)
				EditorAssembliesLoaded (0ms)
			ExecutionOrderSort2 (0ms)
			AwakeInstancesAfterBackupRestoration (6ms)
Platform modules already initialized, skipping
========================================================================
Worker process is ready to serve import requests
Shader 'Oculus/OVRMRCameraFrameLit': fallback shader 'Alpha-Diffuse' not found
Launched and connected shader compiler UnityShaderCompiler.exe after 0.06 seconds
Refreshing native plugins compatible for Editor in 3.63 ms, found 14 plugins.
Preloading 1 native plugins for Editor in 0.44 ms.
Unloading 5386 Unused Serialized files (Serialized files now loaded: 0)
Unloading 82 unused Assets / (196.1 KB). Loaded Objects now: 5801.
Memory consumption went from 195.7 MB to 195.5 MB.
Total: 7.980000 ms (FindLiveObjects: 1.119800 ms CreateObjectMapping: 0.691900 ms MarkObjects: 5.829700 ms  DeleteObjects: 0.336100 ms)

AssetImportParameters requested are different than current active one (requested -> active):
  custom:video-decoder-ogg-theora: a1e56fd34408186e4bbccfd4996cb3dc -> 
  custom:container-muxer-webm: aa71ff27fc2769a1b78a27578f13a17b -> 
  custom:container-demuxer-webm: 4f35f7cbe854078d1ac9338744f61a02 -> 
  custom:video-encoder-webm-vp8: eb34c28f22e8b96e1ab97ce403110664 -> 
  custom:audio-encoder-webm-vorbis: bf7c407c2cedff20999df2af8eb42d56 -> 
  custom:framework-win-MediaFoundation: 216162199b28c13a410421893ffa2e32 -> 
  custom:container-demuxer-ogg: 62fdf1f143b41e24485cea50d1cbac27 -> 
  custom:video-decoder-webm-vp8: 9c59270c3fd7afecdb556c50c9e8de78 -> 
  custom:audio-decoder-ogg-vorbis: bf7c407c2cedff20999df2af8eb42d56 -> 
========================================================================
Received Import Request.
  Time since last request: 90123.305878 seconds.
  path: Assets/Ardity/Scripts/Threads/AbstractSerialThread.cs
  artifactKey: Guid(9aee283cf1f822a41983a949d01ebc3c) Importer(815301076,1909f56bfc062723c751e8b465ee728b)
Start importing Assets/Ardity/Scripts/Threads/AbstractSerialThread.cs using Guid(9aee283cf1f822a41983a949d01ebc3c) Importer(815301076,1909f56bfc062723c751e8b465ee728b)  -> (artifact id: 'b0121842c9f914c35ee0c1dcd6cc9fb6') in 0.030696 seconds 
========================================================================
Received Import Request.
  Time since last request: 0.000045 seconds.
  path: Assets/Ardity/Scripts/Threads
  artifactKey: Guid(811fda74a4b436f43ba492dbf2d0c602) Importer(815301076,1909f56bfc062723c751e8b465ee728b)
Start importing Assets/Ardity/Scripts/Threads using Guid(811fda74a4b436f43ba492dbf2d0c602) Importer(815301076,1909f56bfc062723c751e8b465ee728b)  -> (artifact id: '12b304b9fd9bced8671996468abbc26b') in 0.005461 seconds 
========================================================================
Received Prepare
Registering precompiled user dll's ...
Registered in 0.005028 seconds.
Begin MonoManager ReloadAssembly
Native extension for WindowsStandalone target not found
Native extension for Android target not found
Native extension for WebGL target not found
Refreshing native plugins compatible for Editor in 1.35 ms, found 14 plugins.
Preloading 1 native plugins for Editor in 0.07 ms.
[Package Manager] Server::EnsureServerProcessIsRunning -- launch failed, reason: Unity was launched with the -noUpm command-line argument
[Package Manager] Cannot connect to Unity Package Manager local server
[Package Manager] Server::EnsureServerProcessIsRunning -- launch failed, reason: Unity was launched with the -noUpm command-line argument
[Package Manager] Cannot connect to Unity Package Manager local server
[Package Manager] Server::EnsureServerProcessIsRunning -- launch failed, reason: Unity was launched with the -noUpm command-line argument
[Package Manager] Cannot connect to Unity Package Manager local server
[Package Manager] Server::EnsureServerProcessIsRunning -- launch failed, reason: Unity was launched with the -noUpm command-line argument
[Package Manager] Cannot connect to Unity Package Manager local server
Mono: successfully reloaded assembly
- Completed reload, in  1.033 seconds
Domain Reload Profiling:
	ReloadAssembly (1033ms)
		BeginReloadAssembly (137ms)
			ExecutionOrderSort (0ms)
			DisableScriptedObjects (4ms)
			BackupInstance (0ms)
			ReleaseScriptingObjects (0ms)
			CreateAndSetChildDomain (42ms)
		EndReloadAssembly (809ms)
			LoadAssemblies (88ms)
			RebuildTransferFunctionScriptingTraits (0ms)
			SetupTypeCache (272ms)
			ReleaseScriptCaches (2ms)
			RebuildScriptCaches (40ms)
			SetupLoadedEditorAssemblies (356ms)
				LogAssemblyErrors (0ms)
				InitializePlatformSupportModulesInManaged (22ms)
				SetLoadedEditorAssemblies (0ms)
				RefreshPlugins (1ms)
				BeforeProcessingInitializeOnLoad (55ms)
				ProcessInitializeOnLoadAttributes (246ms)
				ProcessInitializeOnLoadMethodAttributes (26ms)
				AfterProcessingInitializeOnLoad (6ms)
				EditorAssembliesLoaded (0ms)
			ExecutionOrderSort2 (0ms)
			AwakeInstancesAfterBackupRestoration (5ms)
Platform modules already initialized, skipping
OnLevelWasLoaded was found on WitService
This message has been deprecated and will be removed in a later version of Unity.
Add a delegate to SceneManager.sceneLoaded instead to get notifications after scene loading has completed
Shader 'Oculus/OVRMRCameraFrameLit': fallback shader 'Alpha-Diffuse' not found
Refreshing native plugins compatible for Editor in 5.69 ms, found 14 plugins.
Preloading 1 native plugins for Editor in 0.06 ms.
Unloading 5291 Unused Serialized files (Serialized files now loaded: 0)
Unloading 72 unused Assets / (170.9 KB). Loaded Objects now: 5805.
Memory consumption went from 187.7 MB to 187.6 MB.
Total: 4.355800 ms (FindLiveObjects: 0.539500 ms CreateObjectMapping: 0.263900 ms MarkObjects: 3.385700 ms  DeleteObjects: 0.164700 ms)

AssetImportParameters requested are different than current active one (requested -> active):
  custom:video-decoder-ogg-theora: a1e56fd34408186e4bbccfd4996cb3dc -> 
  custom:container-muxer-webm: aa71ff27fc2769a1b78a27578f13a17b -> 
  custom:container-demuxer-webm: 4f35f7cbe854078d1ac9338744f61a02 -> 
  custom:video-encoder-webm-vp8: eb34c28f22e8b96e1ab97ce403110664 -> 
  custom:audio-encoder-webm-vorbis: bf7c407c2cedff20999df2af8eb42d56 -> 
  custom:framework-win-MediaFoundation: 216162199b28c13a410421893ffa2e32 -> 
  custom:container-demuxer-ogg: 62fdf1f143b41e24485cea50d1cbac27 -> 
  custom:video-decoder-webm-vp8: 9c59270c3fd7afecdb556c50c9e8de78 -> 
  custom:audio-decoder-ogg-vorbis: bf7c407c2cedff20999df2af8eb42d56 -> 
========================================================================
Received Import Request.
  Time since last request: 198.801496 seconds.
  path: Assets/Ardity/Scripts/SerialController.cs
  artifactKey: Guid(8bc5f48af2cffd747a079fe8c632e2c8) Importer(815301076,1909f56bfc062723c751e8b465ee728b)
Start importing Assets/Ardity/Scripts/SerialController.cs using Guid(8bc5f48af2cffd747a079fe8c632e2c8) Importer(815301076,1909f56bfc062723c751e8b465ee728b)  -> (artifact id: '2c7fb8ba525c58f9c202cb7013ffae9f') in 0.013288 seconds 
========================================================================
Received Import Request.
  Time since last request: 22.490608 seconds.
  path: Assets/Ardity/Scripts/Samples
  artifactKey: Guid(fb564e11b72fd4246b44cf17edd81c00) Importer(815301076,1909f56bfc062723c751e8b465ee728b)
Start importing Assets/Ardity/Scripts/Samples using Guid(fb564e11b72fd4246b44cf17edd81c00) Importer(815301076,1909f56bfc062723c751e8b465ee728b)  -> (artifact id: '1f352a08896a7f64216471e38e21e576') in 0.006188 seconds 
========================================================================
Received Import Request.
  Time since last request: 1.180465 seconds.
  path: Assets/Ardity/Scripts/Samples/SampleCustomDelimiter.cs
  artifactKey: Guid(cc69f5bf38e48794ba71871e46f4bf57) Importer(815301076,1909f56bfc062723c751e8b465ee728b)
Start importing Assets/Ardity/Scripts/Samples/SampleCustomDelimiter.cs using Guid(cc69f5bf38e48794ba71871e46f4bf57) Importer(815301076,1909f56bfc062723c751e8b465ee728b)  -> (artifact id: 'f7f9dab26ee23540b4a8966627aaff8f') in 0.005601 seconds 
========================================================================
Received Import Request.
  Time since last request: 1.565092 seconds.
  path: Assets/Ardity/Scripts/Samples/SampleMessageListener.cs
  artifactKey: Guid(1a03027548d784348a5d2b1fbe819cfa) Importer(815301076,1909f56bfc062723c751e8b465ee728b)
Start importing Assets/Ardity/Scripts/Samples/SampleMessageListener.cs using Guid(1a03027548d784348a5d2b1fbe819cfa) Importer(815301076,1909f56bfc062723c751e8b465ee728b)  -> (artifact id: '8a3c59d6fdacdae61b86fc3c075b7924') in 0.005215 seconds 
========================================================================
Received Import Request.
  Time since last request: 0.759176 seconds.
  path: Assets/Ardity/Scripts/Samples/SampleTearDown.cs
  artifactKey: Guid(e9eac196e6b8ea54098688bb8b14321b) Importer(815301076,1909f56bfc062723c751e8b465ee728b)
Start importing Assets/Ardity/Scripts/Samples/SampleTearDown.cs using Guid(e9eac196e6b8ea54098688bb8b14321b) Importer(815301076,1909f56bfc062723c751e8b465ee728b)  -> (artifact id: '866f7047e9014a5356926ecdc30ae5de') in 0.005699 seconds 
========================================================================
Received Import Request.
  Time since last request: 84.361754 seconds.
  path: Assets/Ardity/Scripts/Samples/SampleUserPolling_JustRead.cs
  artifactKey: Guid(5eafe37a9721f1b42adb60967b9ab774) Importer(815301076,1909f56bfc062723c751e8b465ee728b)
Start importing Assets/Ardity/Scripts/Samples/SampleUserPolling_JustRead.cs using Guid(5eafe37a9721f1b42adb60967b9ab774) Importer(815301076,1909f56bfc062723c751e8b465ee728b)  -> (artifact id: 'c0ad737f9862212bf38ac630577619bc') in 0.006178 seconds 
========================================================================
Received Import Request.
  Time since last request: 2.348517 seconds.
  path: Assets/Ardity/Scripts/Samples/SampleUserPolling_ReadWrite.cs
  artifactKey: Guid(7a1815ab8d05e6d41a977b43884b4079) Importer(815301076,1909f56bfc062723c751e8b465ee728b)
Start importing Assets/Ardity/Scripts/Samples/SampleUserPolling_ReadWrite.cs using Guid(7a1815ab8d05e6d41a977b43884b4079) Importer(815301076,1909f56bfc062723c751e8b465ee728b)  -> (artifact id: '00928baaf91cd44ee9d0df72364191bf') in 0.005478 seconds 
========================================================================
Received Import Request.
  Time since last request: 9.072857 seconds.
  path: Assets/Ardity/Scripts/Samples/SampleMessageListener1.cs
  artifactKey: Guid(0f274e42e11e3d14390f7e96153bce5e) Importer(815301076,1909f56bfc062723c751e8b465ee728b)
Start importing Assets/Ardity/Scripts/Samples/SampleMessageListener1.cs using Guid(0f274e42e11e3d14390f7e96153bce5e) Importer(815301076,1909f56bfc062723c751e8b465ee728b)  -> (artifact id: 'bd23149ad87726ace80639a20a440771') in 0.004956 seconds 
========================================================================
Received Import Request.
  Time since last request: 8.296844 seconds.
  path: Assets
  artifactKey: Guid(00000000000000001000000000000000) Importer(815301076,1909f56bfc062723c751e8b465ee728b)
Start importing Assets using Guid(00000000000000001000000000000000) Importer(815301076,1909f56bfc062723c751e8b465ee728b)  -> (artifact id: '79842766b460edbeab6a34051e857a80') in 0.005059 seconds 
========================================================================
Received Import Request.
  Time since last request: 14.407232 seconds.
  path: Assets/Script
  artifactKey: Guid(bb6ceab286d664042add246a9e90f2e0) Importer(815301076,1909f56bfc062723c751e8b465ee728b)
Start importing Assets/Script using Guid(bb6ceab286d664042add246a9e90f2e0) Importer(815301076,1909f56bfc062723c751e8b465ee728b)  -> (artifact id: '45acecab9f26a6a4e5e821445a89a7ac') in 0.004745 seconds 
========================================================================
Received Import Request.
  Time since last request: 7.850572 seconds.
  path: Assets/MessageListener1.cs
  artifactKey: Guid(0f274e42e11e3d14390f7e96153bce5e) Importer(815301076,1909f56bfc062723c751e8b465ee728b)
Start importing Assets/MessageListener1.cs using Guid(0f274e42e11e3d14390f7e96153bce5e) Importer(815301076,1909f56bfc062723c751e8b465ee728b)  -> (artifact id: '09f5e501fbfcc09d3c3aa02ccf0b00eb') in 0.004924 seconds 
========================================================================
Received Import Request.
  Time since last request: 7.478959 seconds.
  path: Assets/Ardity/Scenes/DemoScene_AutoPoll.unity
  artifactKey: Guid(5e3c786f8a316e444aca9132e8863e39) Importer(815301076,1909f56bfc062723c751e8b465ee728b)
Start importing Assets/Ardity/Scenes/DemoScene_AutoPoll.unity using Guid(5e3c786f8a316e444aca9132e8863e39) Importer(815301076,1909f56bfc062723c751e8b465ee728b)  -> (artifact id: 'e39f5de3bf78d9d42fb50964bb400f5a') in 0.005293 seconds 
========================================================================
Received Import Request.
  Time since last request: 3.542008 seconds.
  path: Assets/Oculus/OculusProjectConfig.asset
  artifactKey: Guid(e94a179a2a4b33e4bbf58c6c97172b5c) Importer(815301076,1909f56bfc062723c751e8b465ee728b)
Start importing Assets/Oculus/OculusProjectConfig.asset using Guid(e94a179a2a4b33e4bbf58c6c97172b5c) Importer(815301076,1909f56bfc062723c751e8b465ee728b)  -> (artifact id: 'f3c370de80192a05466d68da7ee48c2b') in 0.015338 seconds 
========================================================================
Received Import Request.
  Time since last request: 3.101590 seconds.
  path: Assets/Oculus/Interaction/Samples/Textures/OCUIIconSet/OCUI_24_Filled_2x.png
  artifactKey: Guid(64f884351318b694f942625580e64a8b) Importer(815301076,1909f56bfc062723c751e8b465ee728b)
Start importing Assets/Oculus/Interaction/Samples/Textures/OCUIIconSet/OCUI_24_Filled_2x.png using Guid(64f884351318b694f942625580e64a8b) Importer(815301076,1909f56bfc062723c751e8b465ee728b)  -> (artifact id: 'f0b3c616810cece2ad9276aed30dea4e') in 0.819634 seconds 
========================================================================
Received Import Request.
  Time since last request: 0.000039 seconds.
  path: Assets/Oculus/SampleFramework/Usage/Passthrough/Materials/PassthroughBrushStroke.mat
  artifactKey: Guid(0ff7438fe513d7e4295f6ec9b5b623d7) Importer(815301076,1909f56bfc062723c751e8b465ee728b)
Start importing Assets/Oculus/SampleFramework/Usage/Passthrough/Materials/PassthroughBrushStroke.mat using Guid(0ff7438fe513d7e4295f6ec9b5b623d7) Importer(815301076,1909f56bfc062723c751e8b465ee728b)  -> (artifact id: 'edcd6ce28e4e4f8285efb1a5801eef86') in 0.044190 seconds 
========================================================================
Received Import Request.
  Time since last request: 0.000040 seconds.
  path: Assets/Oculus/Interaction/Samples/Textures/OCUIIconSet/OCUI_24_Outline_2x.png
  artifactKey: Guid(4f3b4a4ae58ad484e9fc92ab68a8ffef) Importer(815301076,1909f56bfc062723c751e8b465ee728b)
Start importing Assets/Oculus/Interaction/Samples/Textures/OCUIIconSet/OCUI_24_Outline_2x.png using Guid(4f3b4a4ae58ad484e9fc92ab68a8ffef) Importer(815301076,1909f56bfc062723c751e8b465ee728b)  -> (artifact id: 'd627f7aa8b33a6c49c878cd7f0bceb5e') in 0.610371 seconds 
========================================================================
Received Import Request.
  Time since last request: 0.289980 seconds.
  path: Assets/Oculus/SampleFramework/Usage/Passthrough
  artifactKey: Guid(5360045862826a045b6c3cef30f5639b) Importer(815301076,1909f56bfc062723c751e8b465ee728b)
Start importing Assets/Oculus/SampleFramework/Usage/Passthrough using Guid(5360045862826a045b6c3cef30f5639b) Importer(815301076,1909f56bfc062723c751e8b465ee728b)  -> (artifact id: 'f8c1e298eda6f2cdfda76d4190776625') in 0.001889 seconds 
========================================================================
Received Import Request.
  Time since last request: 1.819330 seconds.
  path: Assets/Oculus/SampleFramework/Usage/Passthrough/Scenes
  artifactKey: Guid(c8305a29937c8a54b9f60723b403ba42) Importer(815301076,1909f56bfc062723c751e8b465ee728b)
Start importing Assets/Oculus/SampleFramework/Usage/Passthrough/Scenes using Guid(c8305a29937c8a54b9f60723b403ba42) Importer(815301076,1909f56bfc062723c751e8b465ee728b)  -> (artifact id: 'ff0991f21b7c58d518a06896bb3bd31d') in 0.005261 seconds 
Editor requested this worker to shutdown with reason: Scaling down because of idle timeout
AssetImportWorker is now disconnected from the server
Process exiting
Exiting without the bug reporter. Application will terminate with return code 0