Using pre-set license
Built from '2021.3/staging' branch; Version is '2021.3.19f1 (c9714fde33b6) revision 13201743'; Using compiler version '192829333'; Build Type 'Release'
OS: 'Windows 11  (10.0.22621) 64bit Core' Language: 'en' Physical Memory: 15731 MB
BatchMode: 1, IsHumanControllingUs: 0, StartBugReporterOnCrash: 0, Is64bit: 1, IsPro: 1

COMMAND LINE ARGUMENTS:
C:\Program Files\Unity\Hub\Editor\2021.3.19f1\Editor\Unity.exe
-adb2
-batchMode
-noUpm
-name
AssetImportWorker2
-projectPath
D:/Unity/218 test connection
-logFile
Logs/AssetImportWorker2.log
-srvPort
52092
Successfully changed project path to: D:/Unity/218 test connection
D:/Unity/218 test connection
[UnityMemory] Configuration Parameters - Can be set up in boot.config
    "memorysetup-bucket-allocator-granularity=16"
    "memorysetup-bucket-allocator-bucket-count=8"
    "memorysetup-bucket-allocator-block-size=33554432"
    "memorysetup-bucket-allocator-block-count=8"
    "memorysetup-main-allocator-block-size=16777216"
    "memorysetup-thread-allocator-block-size=16777216"
    "memorysetup-gfx-main-allocator-block-size=16777216"
    "memorysetup-gfx-thread-allocator-block-size=16777216"
    "memorysetup-cache-allocator-block-size=4194304"
    "memorysetup-typetree-allocator-block-size=2097152"
    "memorysetup-profiler-bucket-allocator-granularity=16"
    "memorysetup-profiler-bucket-allocator-bucket-count=8"
    "memorysetup-profiler-bucket-allocator-block-size=33554432"
    "memorysetup-profiler-bucket-allocator-block-count=8"
    "memorysetup-profiler-allocator-block-size=16777216"
    "memorysetup-profiler-editor-allocator-block-size=1048576"
    "memorysetup-temp-allocator-size-main=16777216"
    "memorysetup-job-temp-allocator-block-size=2097152"
    "memorysetup-job-temp-allocator-block-size-background=1048576"
    "memorysetup-job-temp-allocator-reduction-small-platforms=262144"
    "memorysetup-temp-allocator-size-background-worker=32768"
    "memorysetup-temp-allocator-size-job-worker=262144"
    "memorysetup-temp-allocator-size-preload-manager=33554432"
    "memorysetup-temp-allocator-size-nav-mesh-worker=65536"
    "memorysetup-temp-allocator-size-audio-worker=65536"
    "memorysetup-temp-allocator-size-cloud-worker=32768"
    "memorysetup-temp-allocator-size-gi-baking-worker=262144"
    "memorysetup-temp-allocator-size-gfx=262144"
Player connection [26416] Host "[IP] 192.168.0.181 [Port] 0 [Flags] 2 [Guid] 2518185230 [EditorId] 2518185230 [Version] 1048832 [Id] WindowsEditor(7,PCForZoe) [Debug] 1 [PackageName] WindowsEditor [ProjectName] Editor" joined multi-casting on [225.0.0.222:54997]...

Player connection [26416] Host "[IP] 192.168.0.181 [Port] 0 [Flags] 2 [Guid] 2518185230 [EditorId] 2518185230 [Version] 1048832 [Id] WindowsEditor(7,PCForZoe) [Debug] 1 [PackageName] WindowsEditor [ProjectName] Editor" joined alternative multi-casting on [225.0.0.222:34997]...

Refreshing native plugins compatible for Editor in 131.50 ms, found 14 plugins.
Preloading 1 native plugins for Editor in 0.87 ms.
Initialize engine version: 2021.3.19f1 (c9714fde33b6)
[Subsystems] Discovering subsystems at path C:/Program Files/Unity/Hub/Editor/2021.3.19f1/Editor/Data/Resources/UnitySubsystems
[Subsystems] Discovering subsystems at path D:/Unity/218 test connection/Assets
GfxDevice: creating device client; threaded=0; jobified=0
Direct3D:
    Version:  Direct3D 11.0 [level 11.1]
    Renderer: NVIDIA GeForce GTX 1660 Ti (ID=0x2191)
    Vendor:   NVIDIA
    VRAM:     5991 MB
    Driver:   30.0.15.1278
Shader 'Oculus/OVRMRCameraFrameLit': fallback shader 'Alpha-Diffuse' not found
Initialize mono
Mono path[0] = 'C:/Program Files/Unity/Hub/Editor/2021.3.19f1/Editor/Data/Managed'
Mono path[1] = 'C:/Program Files/Unity/Hub/Editor/2021.3.19f1/Editor/Data/MonoBleedingEdge/lib/mono/unityjit-win32'
Mono config path = 'C:/Program Files/Unity/Hub/Editor/2021.3.19f1/Editor/Data/MonoBleedingEdge/etc'
Using monoOptions --debugger-agent=transport=dt_socket,embedding=1,server=y,suspend=n,address=127.0.0.1:56316
Begin MonoManager ReloadAssembly
Registering precompiled unity dll's ...
Register platform support module: C:/Program Files/Unity/Hub/Editor/2021.3.19f1/Editor/Data/PlaybackEngines/WebGLSupport/UnityEditor.WebGL.Extensions.dll
Register platform support module: C:/Program Files/Unity/Hub/Editor/2021.3.19f1/Editor/Data/PlaybackEngines/AndroidPlayer/UnityEditor.Android.Extensions.dll
Register platform support module: C:/Program Files/Unity/Hub/Editor/2021.3.19f1/Editor/Data/PlaybackEngines/WindowsStandaloneSupport/UnityEditor.WindowsStandalone.Extensions.dll
Registered in 0.005762 seconds.
Native extension for WindowsStandalone target not found
Native extension for Android target not found
Android Extension - Scanning For ADB Devices 352 ms
Native extension for WebGL target not found
Refreshing native plugins compatible for Editor in 121.20 ms, found 14 plugins.
Preloading 1 native plugins for Editor in 0.07 ms.
Mono: successfully reloaded assembly
- Completed reload, in  1.051 seconds
Domain Reload Profiling:
	ReloadAssembly (1051ms)
		BeginReloadAssembly (63ms)
			ExecutionOrderSort (0ms)
			DisableScriptedObjects (0ms)
			BackupInstance (0ms)
			ReleaseScriptingObjects (0ms)
			CreateAndSetChildDomain (1ms)
		EndReloadAssembly (887ms)
			LoadAssemblies (62ms)
			RebuildTransferFunctionScriptingTraits (0ms)
			SetupTypeCache (125ms)
			ReleaseScriptCaches (0ms)
			RebuildScriptCaches (34ms)
			SetupLoadedEditorAssemblies (673ms)
				LogAssemblyErrors (0ms)
				InitializePlatformSupportModulesInManaged (430ms)
				SetLoadedEditorAssemblies (0ms)
				RefreshPlugins (121ms)
				BeforeProcessingInitializeOnLoad (1ms)
				ProcessInitializeOnLoadAttributes (84ms)
				ProcessInitializeOnLoadMethodAttributes (36ms)
				AfterProcessingInitializeOnLoad (0ms)
				EditorAssembliesLoaded (0ms)
			ExecutionOrderSort2 (0ms)
			AwakeInstancesAfterBackupRestoration (0ms)
Platform modules already initialized, skipping
Registering precompiled user dll's ...
Registered in 0.006492 seconds.
Begin MonoManager ReloadAssembly
OnLevelWasLoaded was found on WitService
This message has been deprecated and will be removed in a later version of Unity.
Add a delegate to SceneManager.sceneLoaded instead to get notifications after scene loading has completed
Native extension for WindowsStandalone target not found
Native extension for Android target not found
Native extension for WebGL target not found
Refreshing native plugins compatible for Editor in 119.13 ms, found 14 plugins.
Preloading 1 native plugins for Editor in 0.07 ms.
Package Manager log level set to [2]
[XR] OculusXRPlugin: registering subsystems
[XR] Unable to register display lifecyle provider: [1]
[XR] Oculus Input lifecycle provider registered.
[XR] Unable to register input lifecyle provider: [1]
[XR] OVRP version 1.81.0
Mono: successfully reloaded assembly
- Completed reload, in  1.288 seconds
Domain Reload Profiling:
	ReloadAssembly (1289ms)
		BeginReloadAssembly (113ms)
			ExecutionOrderSort (0ms)
			DisableScriptedObjects (6ms)
			BackupInstance (0ms)
			ReleaseScriptingObjects (0ms)
			CreateAndSetChildDomain (22ms)
		EndReloadAssembly (1089ms)
			LoadAssemblies (84ms)
			RebuildTransferFunctionScriptingTraits (0ms)
			SetupTypeCache (306ms)
			ReleaseScriptCaches (1ms)
			RebuildScriptCaches (77ms)
			SetupLoadedEditorAssemblies (559ms)
				LogAssemblyErrors (0ms)
				InitializePlatformSupportModulesInManaged (21ms)
				SetLoadedEditorAssemblies (0ms)
				RefreshPlugins (119ms)
				BeforeProcessingInitializeOnLoad (85ms)
				ProcessInitializeOnLoadAttributes (304ms)
				ProcessInitializeOnLoadMethodAttributes (23ms)
				AfterProcessingInitializeOnLoad (6ms)
				EditorAssembliesLoaded (0ms)
			ExecutionOrderSort2 (0ms)
			AwakeInstancesAfterBackupRestoration (5ms)
Platform modules already initialized, skipping
========================================================================
Worker process is ready to serve import requests
Shader 'Oculus/OVRMRCameraFrameLit': fallback shader 'Alpha-Diffuse' not found
Launched and connected shader compiler UnityShaderCompiler.exe after 0.05 seconds
Refreshing native plugins compatible for Editor in 3.11 ms, found 14 plugins.
Preloading 1 native plugins for Editor in 0.15 ms.
Unloading 5387 Unused Serialized files (Serialized files now loaded: 0)
Unloading 82 unused Assets / (203.9 KB). Loaded Objects now: 5802.
Memory consumption went from 195.7 MB to 195.5 MB.
Total: 4.116800 ms (FindLiveObjects: 0.525100 ms CreateObjectMapping: 0.278100 ms MarkObjects: 3.115100 ms  DeleteObjects: 0.197600 ms)

AssetImportParameters requested are different than current active one (requested -> active):
  custom:video-decoder-ogg-theora: a1e56fd34408186e4bbccfd4996cb3dc -> 
  custom:container-muxer-webm: aa71ff27fc2769a1b78a27578f13a17b -> 
  custom:container-demuxer-webm: 4f35f7cbe854078d1ac9338744f61a02 -> 
  custom:video-encoder-webm-vp8: eb34c28f22e8b96e1ab97ce403110664 -> 
  custom:audio-encoder-webm-vorbis: bf7c407c2cedff20999df2af8eb42d56 -> 
  custom:framework-win-MediaFoundation: 216162199b28c13a410421893ffa2e32 -> 
  custom:container-demuxer-ogg: 62fdf1f143b41e24485cea50d1cbac27 -> 
  custom:video-decoder-webm-vp8: 9c59270c3fd7afecdb556c50c9e8de78 -> 
  custom:audio-decoder-ogg-vorbis: bf7c407c2cedff20999df2af8eb42d56 -> 
========================================================================
Received Import Request.
  Time since last request: 90493.514645 seconds.
  path: Assets/Oculus/SampleFramework/Usage/Passthrough/Scenes/AugmentedObjects.unity
  artifactKey: Guid(9afeada2bbd240b4981cfb6abb525418) Importer(815301076,1909f56bfc062723c751e8b465ee728b)
Start importing Assets/Oculus/SampleFramework/Usage/Passthrough/Scenes/AugmentedObjects.unity using Guid(9afeada2bbd240b4981cfb6abb525418) Importer(815301076,1909f56bfc062723c751e8b465ee728b)  -> (artifact id: '73aadb4cf2984833cc334728746bd084') in 0.013629 seconds 
========================================================================
Received Import Request.
  Time since last request: 2.687927 seconds.
  path: Assets/Oculus/SampleFramework/Usage/Passthrough/Scenes/OverlayPassthrough.unity
  artifactKey: Guid(698c56db7f615834881cf3fad4dae4b5) Importer(815301076,1909f56bfc062723c751e8b465ee728b)
Start importing Assets/Oculus/SampleFramework/Usage/Passthrough/Scenes/OverlayPassthrough.unity using Guid(698c56db7f615834881cf3fad4dae4b5) Importer(815301076,1909f56bfc062723c751e8b465ee728b)  -> (artifact id: '476f872a996140792d74142689f42198') in 0.006913 seconds 
========================================================================
Received Import Request.
  Time since last request: 5.983233 seconds.
  path: Assets/Oculus/SampleFramework/Usage/Passthrough/Scenes/AugmentedObjects 1.unity
  artifactKey: Guid(6113cea7039801447940e4f2f5aa506b) Importer(815301076,1909f56bfc062723c751e8b465ee728b)
Start importing Assets/Oculus/SampleFramework/Usage/Passthrough/Scenes/AugmentedObjects 1.unity using Guid(6113cea7039801447940e4f2f5aa506b) Importer(815301076,1909f56bfc062723c751e8b465ee728b)  -> (artifact id: 'fb2025a20df56a28c97c86f9bb824e79') in 0.005156 seconds 
========================================================================
Received Import Request.
  Time since last request: 21.491653 seconds.
  path: Assets/Ardity/Scenes/DemoScene_CustomDelimiter.unity
  artifactKey: Guid(2587cb0c77e84fe40a30c2a78189fc38) Importer(815301076,1909f56bfc062723c751e8b465ee728b)
Start importing Assets/Ardity/Scenes/DemoScene_CustomDelimiter.unity using Guid(2587cb0c77e84fe40a30c2a78189fc38) Importer(815301076,1909f56bfc062723c751e8b465ee728b)  -> (artifact id: '929d5dfd5ebc21f3756df0413d5ad263') in 0.005372 seconds 
========================================================================
Received Import Request.
  Time since last request: 1.451758 seconds.
  path: Assets/Ardity/Scenes/DemoScene_TearDown.unity
  artifactKey: Guid(d5284e77923778441980c704cec7cdb5) Importer(815301076,1909f56bfc062723c751e8b465ee728b)
Start importing Assets/Ardity/Scenes/DemoScene_TearDown.unity using Guid(d5284e77923778441980c704cec7cdb5) Importer(815301076,1909f56bfc062723c751e8b465ee728b)  -> (artifact id: '856dc07471ec987d0cdd917944bb4a4d') in 0.004998 seconds 
========================================================================
Received Import Request.
  Time since last request: 1.112585 seconds.
  path: Assets/Ardity/Scenes/DemoScene_UserPoll_JustRead.unity
  artifactKey: Guid(4b71bd1d8aebcb3409220f04dba1fe4c) Importer(815301076,1909f56bfc062723c751e8b465ee728b)
Start importing Assets/Ardity/Scenes/DemoScene_UserPoll_JustRead.unity using Guid(4b71bd1d8aebcb3409220f04dba1fe4c) Importer(815301076,1909f56bfc062723c751e8b465ee728b)  -> (artifact id: '85c9aadafac468f96c51a59a2369f3d1') in 0.005476 seconds 
========================================================================
Received Import Request.
  Time since last request: 0.730641 seconds.
  path: Assets/Ardity/Scenes/DemoScene_UserPoll_ReadWrite.unity
  artifactKey: Guid(483dfd9088375b94380a7c4999c98acb) Importer(815301076,1909f56bfc062723c751e8b465ee728b)
Start importing Assets/Ardity/Scenes/DemoScene_UserPoll_ReadWrite.unity using Guid(483dfd9088375b94380a7c4999c98acb) Importer(815301076,1909f56bfc062723c751e8b465ee728b)  -> (artifact id: 'a27d2fa594749bc85793df8ad56ea119') in 0.005607 seconds 
========================================================================
Received Import Request.
  Time since last request: 40.202050 seconds.
  path: Assets/Scenes
  artifactKey: Guid(0cc1b79de78bc4991892d4d342d7211a) Importer(815301076,1909f56bfc062723c751e8b465ee728b)
Start importing Assets/Scenes using Guid(0cc1b79de78bc4991892d4d342d7211a) Importer(815301076,1909f56bfc062723c751e8b465ee728b)  -> (artifact id: '464905cf348a3030ff915904016b0176') in 0.002127 seconds 
========================================================================
Received Import Request.
  Time since last request: 33.086347 seconds.
  path: Assets/Scenes/MyScene.unity
  artifactKey: Guid(6113cea7039801447940e4f2f5aa506b) Importer(815301076,1909f56bfc062723c751e8b465ee728b)
Start importing Assets/Scenes/MyScene.unity using Guid(6113cea7039801447940e4f2f5aa506b) Importer(815301076,1909f56bfc062723c751e8b465ee728b)  -> (artifact id: '1d701163323e1f8a4a4bb2c15b80825b') in 0.005246 seconds 
========================================================================
Received Import Request.
  Time since last request: 11.922154 seconds.
  path: Assets/Scenes/SampleScene.unity
  artifactKey: Guid(9fc0d4010bbf28b4594072e72b8655ab) Importer(815301076,1909f56bfc062723c751e8b465ee728b)
Start importing Assets/Scenes/SampleScene.unity using Guid(9fc0d4010bbf28b4594072e72b8655ab) Importer(815301076,1909f56bfc062723c751e8b465ee728b)  -> (artifact id: '3f731f10d5e5b7545d0db0c1188a6011') in 0.005457 seconds 
========================================================================
Received Import Request.
  Time since last request: 61.643928 seconds.
  path: Assets/Script/MessageListener.cs
  artifactKey: Guid(0f274e42e11e3d14390f7e96153bce5e) Importer(815301076,1909f56bfc062723c751e8b465ee728b)
Start importing Assets/Script/MessageListener.cs using Guid(0f274e42e11e3d14390f7e96153bce5e) Importer(815301076,1909f56bfc062723c751e8b465ee728b)  -> (artifact id: '0f5efef0668f72e989ffeb97193bce7a') in 0.027761 seconds 
========================================================================
Received Prepare
Registering precompiled user dll's ...
Registered in 0.005207 seconds.
Begin MonoManager ReloadAssembly
Native extension for WindowsStandalone target not found
Native extension for Android target not found
Native extension for WebGL target not found
Refreshing native plugins compatible for Editor in 1.40 ms, found 14 plugins.
Preloading 1 native plugins for Editor in 0.08 ms.
[Package Manager] Server::EnsureServerProcessIsRunning -- launch failed, reason: Unity was launched with the -noUpm command-line argument
[Package Manager] Cannot connect to Unity Package Manager local server
[Package Manager] Server::EnsureServerProcessIsRunning -- launch failed, reason: Unity was launched with the -noUpm command-line argument
[Package Manager] Cannot connect to Unity Package Manager local server
[Package Manager] Server::EnsureServerProcessIsRunning -- launch failed, reason: Unity was launched with the -noUpm command-line argument
[Package Manager] Cannot connect to Unity Package Manager local server
[Package Manager] Server::EnsureServerProcessIsRunning -- launch failed, reason: Unity was launched with the -noUpm command-line argument
[Package Manager] Cannot connect to Unity Package Manager local server
Mono: successfully reloaded assembly
- Completed reload, in  1.050 seconds
Domain Reload Profiling:
	ReloadAssembly (1051ms)
		BeginReloadAssembly (125ms)
			ExecutionOrderSort (0ms)
			DisableScriptedObjects (4ms)
			BackupInstance (0ms)
			ReleaseScriptingObjects (0ms)
			CreateAndSetChildDomain (38ms)
		EndReloadAssembly (835ms)
			LoadAssemblies (83ms)
			RebuildTransferFunctionScriptingTraits (0ms)
			SetupTypeCache (280ms)
			ReleaseScriptCaches (1ms)
			RebuildScriptCaches (41ms)
			SetupLoadedEditorAssemblies (366ms)
				LogAssemblyErrors (0ms)
				InitializePlatformSupportModulesInManaged (23ms)
				SetLoadedEditorAssemblies (0ms)
				RefreshPlugins (2ms)
				BeforeProcessingInitializeOnLoad (56ms)
				ProcessInitializeOnLoadAttributes (260ms)
				ProcessInitializeOnLoadMethodAttributes (20ms)
				AfterProcessingInitializeOnLoad (5ms)
				EditorAssembliesLoaded (0ms)
			ExecutionOrderSort2 (0ms)
			AwakeInstancesAfterBackupRestoration (5ms)
Platform modules already initialized, skipping
OnLevelWasLoaded was found on WitService
This message has been deprecated and will be removed in a later version of Unity.
Add a delegate to SceneManager.sceneLoaded instead to get notifications after scene loading has completed
Shader 'Oculus/OVRMRCameraFrameLit': fallback shader 'Alpha-Diffuse' not found
Refreshing native plugins compatible for Editor in 6.65 ms, found 14 plugins.
Preloading 1 native plugins for Editor in 0.06 ms.
Unloading 5292 Unused Serialized files (Serialized files now loaded: 0)
Unloading 72 unused Assets / (171.1 KB). Loaded Objects now: 5806.
Memory consumption went from 187.7 MB to 187.6 MB.
Total: 3.799900 ms (FindLiveObjects: 0.426100 ms CreateObjectMapping: 0.153600 ms MarkObjects: 3.053500 ms  DeleteObjects: 0.165200 ms)

AssetImportParameters requested are different than current active one (requested -> active):
  custom:video-decoder-ogg-theora: a1e56fd34408186e4bbccfd4996cb3dc -> 
  custom:container-muxer-webm: aa71ff27fc2769a1b78a27578f13a17b -> 
  custom:container-demuxer-webm: 4f35f7cbe854078d1ac9338744f61a02 -> 
  custom:video-encoder-webm-vp8: eb34c28f22e8b96e1ab97ce403110664 -> 
  custom:audio-encoder-webm-vorbis: bf7c407c2cedff20999df2af8eb42d56 -> 
  custom:framework-win-MediaFoundation: 216162199b28c13a410421893ffa2e32 -> 
  custom:container-demuxer-ogg: 62fdf1f143b41e24485cea50d1cbac27 -> 
  custom:video-decoder-webm-vp8: 9c59270c3fd7afecdb556c50c9e8de78 -> 
  custom:audio-decoder-ogg-vorbis: bf7c407c2cedff20999df2af8eb42d56 -> 
========================================================================
Received Import Request.
  Time since last request: 1008.924976 seconds.
  path: Assets/pefab
  artifactKey: Guid(89794fc17a523ab49a715431955ac65a) Importer(815301076,1909f56bfc062723c751e8b465ee728b)
Start importing Assets/pefab using Guid(89794fc17a523ab49a715431955ac65a) Importer(815301076,1909f56bfc062723c751e8b465ee728b)  -> (artifact id: '1d78a631c23302466aa47ebc5d7df9da') in 0.012880 seconds 
========================================================================
Received Import Request.
  Time since last request: 6.865499 seconds.
  path: Assets/perfab
  artifactKey: Guid(89794fc17a523ab49a715431955ac65a) Importer(815301076,1909f56bfc062723c751e8b465ee728b)
Start importing Assets/perfab using Guid(89794fc17a523ab49a715431955ac65a) Importer(815301076,1909f56bfc062723c751e8b465ee728b)  -> (artifact id: 'f0162d8a05e935e16fbe5fca1a98784c') in 0.005911 seconds 
========================================================================
Received Import Request.
  Time since last request: 85.524281 seconds.
  path: Assets/perfab/MessageListener.prefab
  artifactKey: Guid(4a03b7aac2f0ce540ac7fbce8c3ba568) Importer(815301076,1909f56bfc062723c751e8b465ee728b)
Start importing Assets/perfab/MessageListener.prefab using Guid(4a03b7aac2f0ce540ac7fbce8c3ba568) Importer(815301076,1909f56bfc062723c751e8b465ee728b)  -> (artifact id: '2ac7767b3b1e51cb445c167425286e8d') in 0.027064 seconds 
========================================================================
Received Prepare
Registering precompiled user dll's ...
Registered in 0.004835 seconds.
Begin MonoManager ReloadAssembly
Native extension for WindowsStandalone target not found
Native extension for Android target not found
Native extension for WebGL target not found
Refreshing native plugins compatible for Editor in 2.25 ms, found 14 plugins.
Preloading 1 native plugins for Editor in 0.09 ms.
[Package Manager] Server::EnsureServerProcessIsRunning -- launch failed, reason: Unity was launched with the -noUpm command-line argument
[Package Manager] Cannot connect to Unity Package Manager local server
[Package Manager] Server::EnsureServerProcessIsRunning -- launch failed, reason: Unity was launched with the -noUpm command-line argument
[Package Manager] Cannot connect to Unity Package Manager local server
[Package Manager] Server::EnsureServerProcessIsRunning -- launch failed, reason: Unity was launched with the -noUpm command-line argument
[Package Manager] Cannot connect to Unity Package Manager local server
Mono: successfully reloaded assembly
- Completed reload, in  1.345 seconds
Domain Reload Profiling:
	ReloadAssembly (1346ms)
		BeginReloadAssembly (168ms)
			ExecutionOrderSort (0ms)
			DisableScriptedObjects (5ms)
			BackupInstance (0ms)
			ReleaseScriptingObjects (0ms)
			CreateAndSetChildDomain (58ms)
		EndReloadAssembly (1063ms)
			LoadAssemblies (105ms)
			RebuildTransferFunctionScriptingTraits (0ms)
			SetupTypeCache (356ms)
			ReleaseScriptCaches (3ms)
			RebuildScriptCaches (57ms)
			SetupLoadedEditorAssemblies (472ms)
				LogAssemblyErrors (0ms)
				InitializePlatformSupportModulesInManaged (26ms)
				SetLoadedEditorAssemblies (1ms)
				RefreshPlugins (2ms)
				BeforeProcessingInitializeOnLoad (68ms)
				ProcessInitializeOnLoadAttributes (340ms)
				ProcessInitializeOnLoadMethodAttributes (28ms)
				AfterProcessingInitializeOnLoad (6ms)
				EditorAssembliesLoaded (0ms)
			ExecutionOrderSort2 (0ms)
			AwakeInstancesAfterBackupRestoration (7ms)
Platform modules already initialized, skipping
OnLevelWasLoaded was found on WitService
This message has been deprecated and will be removed in a later version of Unity.
Add a delegate to SceneManager.sceneLoaded instead to get notifications after scene loading has completed
Shader 'Oculus/OVRMRCameraFrameLit': fallback shader 'Alpha-Diffuse' not found
Refreshing native plugins compatible for Editor in 7.28 ms, found 14 plugins.
Preloading 1 native plugins for Editor in 0.06 ms.
Unloading 5292 Unused Serialized files (Serialized files now loaded: 0)
Unloading 72 unused Assets / (163.2 KB). Loaded Objects now: 5811.
Memory consumption went from 187.8 MB to 187.6 MB.
Total: 5.556800 ms (FindLiveObjects: 0.532500 ms CreateObjectMapping: 0.382300 ms MarkObjects: 4.453100 ms  DeleteObjects: 0.186900 ms)

AssetImportParameters requested are different than current active one (requested -> active):
  custom:video-decoder-ogg-theora: a1e56fd34408186e4bbccfd4996cb3dc -> 
  custom:container-muxer-webm: aa71ff27fc2769a1b78a27578f13a17b -> 
  custom:container-demuxer-webm: 4f35f7cbe854078d1ac9338744f61a02 -> 
  custom:video-encoder-webm-vp8: eb34c28f22e8b96e1ab97ce403110664 -> 
  custom:audio-encoder-webm-vorbis: bf7c407c2cedff20999df2af8eb42d56 -> 
  custom:framework-win-MediaFoundation: 216162199b28c13a410421893ffa2e32 -> 
  custom:container-demuxer-ogg: 62fdf1f143b41e24485cea50d1cbac27 -> 
  custom:video-decoder-webm-vp8: 9c59270c3fd7afecdb556c50c9e8de78 -> 
  custom:audio-decoder-ogg-vorbis: bf7c407c2cedff20999df2af8eb42d56 -> 
========================================================================
Received Prepare
Registering precompiled user dll's ...
Registered in 0.005237 seconds.
Begin MonoManager ReloadAssembly
Native extension for WindowsStandalone target not found
Native extension for Android target not found
Native extension for WebGL target not found
Refreshing native plugins compatible for Editor in 2.35 ms, found 14 plugins.
Preloading 1 native plugins for Editor in 0.10 ms.
[Package Manager] Server::EnsureServerProcessIsRunning -- launch failed, reason: Unity was launched with the -noUpm command-line argument
[Package Manager] Cannot connect to Unity Package Manager local server
[Package Manager] Server::EnsureServerProcessIsRunning -- launch failed, reason: Unity was launched with the -noUpm command-line argument
[Package Manager] Cannot connect to Unity Package Manager local server
[Package Manager] Server::EnsureServerProcessIsRunning -- launch failed, reason: Unity was launched with the -noUpm command-line argument
[Package Manager] Cannot connect to Unity Package Manager local server
Mono: successfully reloaded assembly
- Completed reload, in  1.316 seconds
Domain Reload Profiling:
	ReloadAssembly (1316ms)
		BeginReloadAssembly (131ms)
			ExecutionOrderSort (0ms)
			DisableScriptedObjects (4ms)
			BackupInstance (0ms)
			ReleaseScriptingObjects (0ms)
			CreateAndSetChildDomain (41ms)
		EndReloadAssembly (1094ms)
			LoadAssemblies (83ms)
			RebuildTransferFunctionScriptingTraits (0ms)
			SetupTypeCache (332ms)
			ReleaseScriptCaches (2ms)
			RebuildScriptCaches (58ms)
			SetupLoadedEditorAssemblies (516ms)
				LogAssemblyErrors (0ms)
				InitializePlatformSupportModulesInManaged (34ms)
				SetLoadedEditorAssemblies (0ms)
				RefreshPlugins (3ms)
				BeforeProcessingInitializeOnLoad (75ms)
				ProcessInitializeOnLoadAttributes (367ms)
				ProcessInitializeOnLoadMethodAttributes (31ms)
				AfterProcessingInitializeOnLoad (7ms)
				EditorAssembliesLoaded (0ms)
			ExecutionOrderSort2 (0ms)
			AwakeInstancesAfterBackupRestoration (8ms)
Platform modules already initialized, skipping
OnLevelWasLoaded was found on WitService
This message has been deprecated and will be removed in a later version of Unity.
Add a delegate to SceneManager.sceneLoaded instead to get notifications after scene loading has completed
Shader 'Oculus/OVRMRCameraFrameLit': fallback shader 'Alpha-Diffuse' not found
Refreshing native plugins compatible for Editor in 8.36 ms, found 14 plugins.
Preloading 1 native plugins for Editor in 0.08 ms.
Unloading 5292 Unused Serialized files (Serialized files now loaded: 0)
Unloading 72 unused Assets / (163.3 KB). Loaded Objects now: 5815.
Memory consumption went from 187.8 MB to 187.6 MB.
Total: 5.557700 ms (FindLiveObjects: 0.501400 ms CreateObjectMapping: 0.323900 ms MarkObjects: 4.489400 ms  DeleteObjects: 0.241200 ms)

AssetImportParameters requested are different than current active one (requested -> active):
  custom:video-decoder-ogg-theora: a1e56fd34408186e4bbccfd4996cb3dc -> 
  custom:container-muxer-webm: aa71ff27fc2769a1b78a27578f13a17b -> 
  custom:container-demuxer-webm: 4f35f7cbe854078d1ac9338744f61a02 -> 
  custom:video-encoder-webm-vp8: eb34c28f22e8b96e1ab97ce403110664 -> 
  custom:audio-encoder-webm-vorbis: bf7c407c2cedff20999df2af8eb42d56 -> 
  custom:framework-win-MediaFoundation: 216162199b28c13a410421893ffa2e32 -> 
  custom:container-demuxer-ogg: 62fdf1f143b41e24485cea50d1cbac27 -> 
  custom:video-decoder-webm-vp8: 9c59270c3fd7afecdb556c50c9e8de78 -> 
  custom:audio-decoder-ogg-vorbis: bf7c407c2cedff20999df2af8eb42d56 -> 
========================================================================
Received Prepare
Registering precompiled user dll's ...
Registered in 0.006469 seconds.
Begin MonoManager ReloadAssembly
Native extension for WindowsStandalone target not found
Native extension for Android target not found
Native extension for WebGL target not found
Refreshing native plugins compatible for Editor in 1.65 ms, found 14 plugins.
Preloading 1 native plugins for Editor in 0.08 ms.
[Package Manager] Server::EnsureServerProcessIsRunning -- launch failed, reason: Unity was launched with the -noUpm command-line argument
[Package Manager] Cannot connect to Unity Package Manager local server
[Package Manager] Server::EnsureServerProcessIsRunning -- launch failed, reason: Unity was launched with the -noUpm command-line argument
[Package Manager] Cannot connect to Unity Package Manager local server
[Package Manager] Server::EnsureServerProcessIsRunning -- launch failed, reason: Unity was launched with the -noUpm command-line argument
[Package Manager] Cannot connect to Unity Package Manager local server
Mono: successfully reloaded assembly
- Completed reload, in  1.179 seconds
Domain Reload Profiling:
	ReloadAssembly (1180ms)
		BeginReloadAssembly (130ms)
			ExecutionOrderSort (0ms)
			DisableScriptedObjects (4ms)
			BackupInstance (0ms)
			ReleaseScriptingObjects (0ms)
			CreateAndSetChildDomain (48ms)
		EndReloadAssembly (964ms)
			LoadAssemblies (78ms)
			RebuildTransferFunctionScriptingTraits (0ms)
			SetupTypeCache (364ms)
			ReleaseScriptCaches (2ms)
			RebuildScriptCaches (58ms)
			SetupLoadedEditorAssemblies (382ms)
				LogAssemblyErrors (0ms)
				InitializePlatformSupportModulesInManaged (24ms)
				SetLoadedEditorAssemblies (0ms)
				RefreshPlugins (2ms)
				BeforeProcessingInitializeOnLoad (60ms)
				ProcessInitializeOnLoadAttributes (269ms)
				ProcessInitializeOnLoadMethodAttributes (21ms)
				AfterProcessingInitializeOnLoad (5ms)
				EditorAssembliesLoaded (0ms)
			ExecutionOrderSort2 (0ms)
			AwakeInstancesAfterBackupRestoration (5ms)
Platform modules already initialized, skipping
OnLevelWasLoaded was found on WitService
This message has been deprecated and will be removed in a later version of Unity.
Add a delegate to SceneManager.sceneLoaded instead to get notifications after scene loading has completed
Shader 'Oculus/OVRMRCameraFrameLit': fallback shader 'Alpha-Diffuse' not found
Refreshing native plugins compatible for Editor in 6.71 ms, found 14 plugins.
Preloading 1 native plugins for Editor in 0.06 ms.
Unloading 5292 Unused Serialized files (Serialized files now loaded: 0)
Unloading 72 unused Assets / (171.0 KB). Loaded Objects now: 5819.
Memory consumption went from 187.8 MB to 187.6 MB.
Total: 4.427300 ms (FindLiveObjects: 0.466300 ms CreateObjectMapping: 0.404400 ms MarkObjects: 3.340900 ms  DeleteObjects: 0.214200 ms)

AssetImportParameters requested are different than current active one (requested -> active):
  custom:video-decoder-ogg-theora: a1e56fd34408186e4bbccfd4996cb3dc -> 
  custom:container-muxer-webm: aa71ff27fc2769a1b78a27578f13a17b -> 
  custom:container-demuxer-webm: 4f35f7cbe854078d1ac9338744f61a02 -> 
  custom:video-encoder-webm-vp8: eb34c28f22e8b96e1ab97ce403110664 -> 
  custom:audio-encoder-webm-vorbis: bf7c407c2cedff20999df2af8eb42d56 -> 
  custom:framework-win-MediaFoundation: 216162199b28c13a410421893ffa2e32 -> 
  custom:container-demuxer-ogg: 62fdf1f143b41e24485cea50d1cbac27 -> 
  custom:video-decoder-webm-vp8: 9c59270c3fd7afecdb556c50c9e8de78 -> 
  custom:audio-decoder-ogg-vorbis: bf7c407c2cedff20999df2af8eb42d56 -> 
========================================================================
Received Import Request.
  Time since last request: 12699.860975 seconds.
  path: Assets/Modles
  artifactKey: Guid(dbeee69d36f69a544bdd25d0a1d72dbd) Importer(815301076,1909f56bfc062723c751e8b465ee728b)
Start importing Assets/Modles using Guid(dbeee69d36f69a544bdd25d0a1d72dbd) Importer(815301076,1909f56bfc062723c751e8b465ee728b)  -> (artifact id: '8d8d74dcda44a1904afc574e5ccb0360') in 0.013690 seconds 
========================================================================
Received Import Request.
  Time since last request: 5.438450 seconds.
  path: Assets/Modles/denden.fbx
  artifactKey: Guid(9d9d9ae9fe8de1947ac8285faaf128b2) Importer(815301076,1909f56bfc062723c751e8b465ee728b)
Start importing Assets/Modles/denden.fbx using Guid(9d9d9ae9fe8de1947ac8285faaf128b2) Importer(815301076,1909f56bfc062723c751e8b465ee728b)  -> (artifact id: '70877d3d35854b7d00658fd1365a8646') in 0.981553 seconds 
========================================================================
Received Import Request.
  Time since last request: 190.969807 seconds.
  path: Assets/Modles/denden.fbx
  artifactKey: Guid(9d9d9ae9fe8de1947ac8285faaf128b2) Importer(815301076,1909f56bfc062723c751e8b465ee728b)
Start importing Assets/Modles/denden.fbx using Guid(9d9d9ae9fe8de1947ac8285faaf128b2) Importer(815301076,1909f56bfc062723c751e8b465ee728b)  -> (artifact id: 'fa337db97fbbbaeafd1f09e5cc204960') in 0.528044 seconds 
========================================================================
Received Import Request.
  Time since last request: 9.938010 seconds.
  path: Assets/textures
  artifactKey: Guid(570a24b368b4dcf4998cc31d9e13c71e) Importer(815301076,1909f56bfc062723c751e8b465ee728b)
Start importing Assets/textures using Guid(570a24b368b4dcf4998cc31d9e13c71e) Importer(815301076,1909f56bfc062723c751e8b465ee728b)  -> (artifact id: '25f6aa85d4142524ec8c3d382bee36ae') in 0.005333 seconds 
========================================================================
Received Import Request.
  Time since last request: 0.037234 seconds.
  path: Assets/textures/fire.png
  artifactKey: Guid(31a5ea3b992efa74390dc92ccad4bc0c) Importer(815301076,1909f56bfc062723c751e8b465ee728b)
Start importing Assets/textures/fire.png using Guid(31a5ea3b992efa74390dc92ccad4bc0c) Importer(815301076,1909f56bfc062723c751e8b465ee728b)  -> (artifact id: 'fca6c932c733de72e540fc16f6fd3c27') in 0.134378 seconds 
========================================================================
Received Import Request.
  Time since last request: 0.000026 seconds.
  path: Assets/textures/lambert4SG_Base_Color.png
  artifactKey: Guid(ac13ea296f9d7294ab35e391ed93cc3a) Importer(815301076,1909f56bfc062723c751e8b465ee728b)
Start importing Assets/textures/lambert4SG_Base_Color.png using Guid(ac13ea296f9d7294ab35e391ed93cc3a) Importer(815301076,1909f56bfc062723c751e8b465ee728b)  -> (artifact id: '95ba14823f69051c45a12b1fafd8014f') in 0.081020 seconds 
========================================================================
Received Import Request.
  Time since last request: 0.000045 seconds.
  path: Assets/textures/lambert3SG_Opacity.png
  artifactKey: Guid(fd114dccb7ca1e541870334a995121d5) Importer(815301076,1909f56bfc062723c751e8b465ee728b)
Start importing Assets/textures/lambert3SG_Opacity.png using Guid(fd114dccb7ca1e541870334a995121d5) Importer(815301076,1909f56bfc062723c751e8b465ee728b)  -> (artifact id: '7361dd7511eb3fa20f67a3e91553f70e') in 0.068444 seconds 
========================================================================
Received Import Request.
  Time since last request: 0.000032 seconds.
  path: Assets/textures/lambert7SG_Base_Color.png
  artifactKey: Guid(9eec78ae3f52fc4449e316f90b9884a5) Importer(815301076,1909f56bfc062723c751e8b465ee728b)
Start importing Assets/textures/lambert7SG_Base_Color.png using Guid(9eec78ae3f52fc4449e316f90b9884a5) Importer(815301076,1909f56bfc062723c751e8b465ee728b)  -> (artifact id: '9fe5ef3b916924f5dbf949e5e3189fb6') in 0.083891 seconds 
========================================================================
Received Prepare
Registering precompiled user dll's ...
Registered in 0.005686 seconds.
Begin MonoManager ReloadAssembly
Native extension for WindowsStandalone target not found
Native extension for Android target not found
Native extension for WebGL target not found
Refreshing native plugins compatible for Editor in 2.71 ms, found 14 plugins.
Preloading 1 native plugins for Editor in 0.12 ms.
[Package Manager] Server::EnsureServerProcessIsRunning -- launch failed, reason: Unity was launched with the -noUpm command-line argument
[Package Manager] Cannot connect to Unity Package Manager local server
[Package Manager] Server::EnsureServerProcessIsRunning -- launch failed, reason: Unity was launched with the -noUpm command-line argument
[Package Manager] Cannot connect to Unity Package Manager local server
[Package Manager] Server::EnsureServerProcessIsRunning -- launch failed, reason: Unity was launched with the -noUpm command-line argument
[Package Manager] Cannot connect to Unity Package Manager local server
Mono: successfully reloaded assembly
- Completed reload, in  1.292 seconds
Domain Reload Profiling:
	ReloadAssembly (1293ms)
		BeginReloadAssembly (127ms)
			ExecutionOrderSort (0ms)
			DisableScriptedObjects (3ms)
			BackupInstance (0ms)
			ReleaseScriptingObjects (0ms)
			CreateAndSetChildDomain (42ms)
		EndReloadAssembly (1069ms)
			LoadAssemblies (84ms)
			RebuildTransferFunctionScriptingTraits (0ms)
			SetupTypeCache (334ms)
			ReleaseScriptCaches (2ms)
			RebuildScriptCaches (65ms)
			SetupLoadedEditorAssemblies (492ms)
				LogAssemblyErrors (0ms)
				InitializePlatformSupportModulesInManaged (32ms)
				SetLoadedEditorAssemblies (1ms)
				RefreshPlugins (3ms)
				BeforeProcessingInitializeOnLoad (83ms)
				ProcessInitializeOnLoadAttributes (341ms)
				ProcessInitializeOnLoadMethodAttributes (26ms)
				AfterProcessingInitializeOnLoad (6ms)
				EditorAssembliesLoaded (0ms)
			ExecutionOrderSort2 (0ms)
			AwakeInstancesAfterBackupRestoration (7ms)
Platform modules already initialized, skipping
OnLevelWasLoaded was found on WitService
This message has been deprecated and will be removed in a later version of Unity.
Add a delegate to SceneManager.sceneLoaded instead to get notifications after scene loading has completed
Shader 'Oculus/OVRMRCameraFrameLit': fallback shader 'Alpha-Diffuse' not found
Refreshing native plugins compatible for Editor in 7.06 ms, found 14 plugins.
Preloading 1 native plugins for Editor in 0.08 ms.
Unloading 5292 Unused Serialized files (Serialized files now loaded: 0)
Unloading 72 unused Assets / (163.1 KB). Loaded Objects now: 5868.
Memory consumption went from 192.6 MB to 192.4 MB.
Total: 4.547000 ms (FindLiveObjects: 0.499100 ms CreateObjectMapping: 0.431100 ms MarkObjects: 3.427100 ms  DeleteObjects: 0.187500 ms)

AssetImportParameters requested are different than current active one (requested -> active):
  custom:video-decoder-ogg-theora: a1e56fd34408186e4bbccfd4996cb3dc -> 
  custom:container-muxer-webm: aa71ff27fc2769a1b78a27578f13a17b -> 
  custom:container-demuxer-webm: 4f35f7cbe854078d1ac9338744f61a02 -> 
  custom:video-encoder-webm-vp8: eb34c28f22e8b96e1ab97ce403110664 -> 
  custom:audio-encoder-webm-vorbis: bf7c407c2cedff20999df2af8eb42d56 -> 
  custom:framework-win-MediaFoundation: 216162199b28c13a410421893ffa2e32 -> 
  custom:container-demuxer-ogg: 62fdf1f143b41e24485cea50d1cbac27 -> 
  custom:video-decoder-webm-vp8: 9c59270c3fd7afecdb556c50c9e8de78 -> 
  custom:audio-decoder-ogg-vorbis: bf7c407c2cedff20999df2af8eb42d56 -> 
Editor requested this worker to shutdown with reason: Scaling down because of idle timeout
AssetImportWorker is now disconnected from the server
Process exiting
Exiting without the bug reporter. Application will terminate with return code 0